Analysis & Synthesis report for de10_lite
Tue Feb 23 16:30:52 2021
Quartus Prime Version 17.0.0 Build 595 04/25/2017 SJ Lite Edition


---------------------
; Table of Contents ;
---------------------
  1. Legal Notice
  2. Analysis & Synthesis Summary
  3. Analysis & Synthesis Settings
  4. Parallel Compilation
  5. Analysis & Synthesis Source Files Read
  6. Analysis & Synthesis Resource Usage Summary
  7. Analysis & Synthesis Resource Utilization by Entity
  8. Logic Cells Representing Combinational Loops
  9. General Register Statistics
 10. Post-Synthesis Netlist Statistics for Top Partition
 11. Elapsed Time Per Partition
 12. Analysis & Synthesis Messages



----------------
; Legal Notice ;
----------------
Copyright (C) 2017  Intel Corporation. All rights reserved.
Your use of Intel Corporation's design tools, logic functions 
and other software and tools, and its AMPP partner logic 
functions, and any output files from any of the foregoing 
(including device programming or simulation files), and any 
associated documentation or information are expressly subject 
to the terms and conditions of the Intel Program License 
Subscription Agreement, the Intel Quartus Prime License Agreement,
the Intel MegaCore Function License Agreement, or other 
applicable license agreement, including, without limitation, 
that your use is for the sole purpose of programming logic 
devices manufactured by Intel and sold by Intel or its 
authorized distributors.  Please refer to the applicable 
agreement for further details.



+----------------------------------------------------------------------------------+
; Analysis & Synthesis Summary                                                     ;
+------------------------------------+---------------------------------------------+
; Analysis & Synthesis Status        ; Successful - Tue Feb 23 16:30:52 2021       ;
; Quartus Prime Version              ; 17.0.0 Build 595 04/25/2017 SJ Lite Edition ;
; Revision Name                      ; de10_lite                                   ;
; Top-level Entity Name              ; de10_lite                                   ;
; Family                             ; MAX 10                                      ;
; Total logic elements               ; 2                                           ;
;     Total combinational functions  ; 2                                           ;
;     Dedicated logic registers      ; 0                                           ;
; Total registers                    ; 0                                           ;
; Total pins                         ; 25                                          ;
; Total virtual pins                 ; 0                                           ;
; Total memory bits                  ; 0                                           ;
; Embedded Multiplier 9-bit elements ; 0                                           ;
; Total PLLs                         ; 0                                           ;
; UFM blocks                         ; 0                                           ;
; ADC blocks                         ; 0                                           ;
+------------------------------------+---------------------------------------------+


+----------------------------------------------------------------------------------------------------------------------+
; Analysis & Synthesis Settings                                                                                        ;
+----------------------------------------------------------------------------+--------------------+--------------------+
; Option                                                                     ; Setting            ; Default Value      ;
+----------------------------------------------------------------------------+--------------------+--------------------+
; Device                                                                     ; 10M50DAF484C7G     ;                    ;
; Top-level entity name                                                      ; de10_lite          ; de10_lite          ;
; Family name                                                                ; MAX 10 FPGA        ; Cyclone V          ;
; Maximum processors allowed for parallel compilation                        ; All                ;                    ;
; Use smart compilation                                                      ; Off                ; Off                ;
; Enable parallel Assembler and TimeQuest Timing Analyzer during compilation ; On                 ; On                 ;
; Enable compact report table                                                ; Off                ; Off                ;
; Restructure Multiplexers                                                   ; Auto               ; Auto               ;
; Create Debugging Nodes for IP Cores                                        ; Off                ; Off                ;
; Preserve fewer node names                                                  ; On                 ; On                 ;
; OpenCore Plus hardware evaluation                                          ; Enable             ; Enable             ;
; Verilog Version                                                            ; Verilog_2001       ; Verilog_2001       ;
; VHDL Version                                                               ; VHDL_1993          ; VHDL_1993          ;
; State Machine Processing                                                   ; Auto               ; Auto               ;
; Safe State Machine                                                         ; Off                ; Off                ;
; Extract Verilog State Machines                                             ; On                 ; On                 ;
; Extract VHDL State Machines                                                ; On                 ; On                 ;
; Ignore Verilog initial constructs                                          ; Off                ; Off                ;
; Iteration limit for constant Verilog loops                                 ; 5000               ; 5000               ;
; Iteration limit for non-constant Verilog loops                             ; 250                ; 250                ;
; Add Pass-Through Logic to Inferred RAMs                                    ; On                 ; On                 ;
; Infer RAMs from Raw Logic                                                  ; On                 ; On                 ;
; Parallel Synthesis                                                         ; On                 ; On                 ;
; DSP Block Balancing                                                        ; Auto               ; Auto               ;
; NOT Gate Push-Back                                                         ; On                 ; On                 ;
; Power-Up Don't Care                                                        ; On                 ; On                 ;
; Remove Redundant Logic Cells                                               ; Off                ; Off                ;
; Remove Duplicate Registers                                                 ; On                 ; On                 ;
; Ignore CARRY Buffers                                                       ; Off                ; Off                ;
; Ignore CASCADE Buffers                                                     ; Off                ; Off                ;
; Ignore GLOBAL Buffers                                                      ; Off                ; Off                ;
; Ignore ROW GLOBAL Buffers                                                  ; Off                ; Off                ;
; Ignore LCELL Buffers                                                       ; Off                ; Off                ;
; Ignore SOFT Buffers                                                        ; On                 ; On                 ;
; Limit AHDL Integers to 32 Bits                                             ; Off                ; Off                ;
; Optimization Technique                                                     ; Balanced           ; Balanced           ;
; Carry Chain Length                                                         ; 70                 ; 70                 ;
; Auto Carry Chains                                                          ; On                 ; On                 ;
; Auto Open-Drain Pins                                                       ; On                 ; On                 ;
; Perform WYSIWYG Primitive Resynthesis                                      ; Off                ; Off                ;
; Auto ROM Replacement                                                       ; On                 ; On                 ;
; Auto RAM Replacement                                                       ; On                 ; On                 ;
; Auto DSP Block Replacement                                                 ; On                 ; On                 ;
; Auto Shift Register Replacement                                            ; Auto               ; Auto               ;
; Allow Shift Register Merging across Hierarchies                            ; Auto               ; Auto               ;
; Auto Clock Enable Replacement                                              ; On                 ; On                 ;
; Strict RAM Replacement                                                     ; Off                ; Off                ;
; Allow Synchronous Control Signals                                          ; On                 ; On                 ;
; Force Use of Synchronous Clear Signals                                     ; Off                ; Off                ;
; Auto RAM Block Balancing                                                   ; On                 ; On                 ;
; Auto RAM to Logic Cell Conversion                                          ; Off                ; Off                ;
; Auto Resource Sharing                                                      ; Off                ; Off                ;
; Allow Any RAM Size For Recognition                                         ; Off                ; Off                ;
; Allow Any ROM Size For Recognition                                         ; Off                ; Off                ;
; Allow Any Shift Register Size For Recognition                              ; Off                ; Off                ;
; Use LogicLock Constraints during Resource Balancing                        ; On                 ; On                 ;
; Ignore translate_off and synthesis_off directives                          ; Off                ; Off                ;
; Timing-Driven Synthesis                                                    ; On                 ; On                 ;
; Report Parameter Settings                                                  ; On                 ; On                 ;
; Report Source Assignments                                                  ; On                 ; On                 ;
; Report Connectivity Checks                                                 ; On                 ; On                 ;
; Ignore Maximum Fan-Out Assignments                                         ; Off                ; Off                ;
; Synchronization Register Chain Length                                      ; 2                  ; 2                  ;
; PowerPlay Power Optimization During Synthesis                              ; Normal compilation ; Normal compilation ;
; HDL message level                                                          ; Level2             ; Level2             ;
; Suppress Register Optimization Related Messages                            ; Off                ; Off                ;
; Number of Removed Registers Reported in Synthesis Report                   ; 5000               ; 5000               ;
; Number of Swept Nodes Reported in Synthesis Report                         ; 5000               ; 5000               ;
; Number of Inverted Registers Reported in Synthesis Report                  ; 100                ; 100                ;
; Clock MUX Protection                                                       ; On                 ; On                 ;
; Auto Gated Clock Conversion                                                ; Off                ; Off                ;
; Block Design Naming                                                        ; Auto               ; Auto               ;
; SDC constraint protection                                                  ; Off                ; Off                ;
; Synthesis Effort                                                           ; Auto               ; Auto               ;
; Shift Register Replacement - Allow Asynchronous Clear Signal               ; On                 ; On                 ;
; Pre-Mapping Resynthesis Optimization                                       ; Off                ; Off                ;
; Analysis & Synthesis Message Level                                         ; Medium             ; Medium             ;
; Disable Register Merging Across Hierarchies                                ; Auto               ; Auto               ;
; Resource Aware Inference For Block RAM                                     ; On                 ; On                 ;
+----------------------------------------------------------------------------+--------------------+--------------------+


+------------------------------------------+
; Parallel Compilation                     ;
+----------------------------+-------------+
; Processors                 ; Number      ;
+----------------------------+-------------+
; Number detected on machine ; 12          ;
; Maximum allowed            ; 12          ;
;                            ;             ;
; Average used               ; 1.00        ;
; Maximum used               ; 1           ;
;                            ;             ;
; Usage by Processor         ; % Time Used ;
;     Processor 1            ; 100.0%      ;
+----------------------------+-------------+


+----------------------------------------------------------------------------------------------------------------------------------------------+
; Analysis & Synthesis Source Files Read                                                                                                       ;
+----------------------------------+-----------------+------------------------+------------------------------------------------------+---------+
; File Name with User-Entered Path ; Used in Netlist ; File Type              ; File Name with Absolute Path                         ; Library ;
+----------------------------------+-----------------+------------------------+------------------------------------------------------+---------+
; ../../sr_latch.v                 ; yes             ; User Verilog HDL File  ; C:/01_d_latch_theory/sr_latch.v                      ;         ;
; ../../d_latch.v                  ; yes             ; User Verilog HDL File  ; C:/01_d_latch_theory/d_latch.v                       ;         ;
; ../de10_lite.v                   ; yes             ; User Verilog HDL File  ; C:/01_d_latch_theory/synthesis/de10_lite/de10_lite.v ;         ;
+----------------------------------+-----------------+------------------------+------------------------------------------------------+---------+


+-------------------------------------------------------------------------------------+
; Analysis & Synthesis Resource Usage Summary                                         ;
+---------------------------------------------+---------------------------------------+
; Resource                                    ; Usage                                 ;
+---------------------------------------------+---------------------------------------+
; Estimated Total logic elements              ; 2                                     ;
;                                             ;                                       ;
; Total combinational functions               ; 2                                     ;
; Logic element usage by number of LUT inputs ;                                       ;
;     -- 4 input functions                    ; 0                                     ;
;     -- 3 input functions                    ; 2                                     ;
;     -- <=2 input functions                  ; 0                                     ;
;                                             ;                                       ;
; Logic elements by mode                      ;                                       ;
;     -- normal mode                          ; 2                                     ;
;     -- arithmetic mode                      ; 0                                     ;
;                                             ;                                       ;
; Total registers                             ; 0                                     ;
;     -- Dedicated logic registers            ; 0                                     ;
;     -- I/O registers                        ; 0                                     ;
;                                             ;                                       ;
; I/O pins                                    ; 25                                    ;
;                                             ;                                       ;
; Embedded Multiplier 9-bit elements          ; 0                                     ;
;                                             ;                                       ;
; Maximum fan-out node                        ; d_latch:d_latch|sr_latch:sr_latch|q~1 ;
; Maximum fan-out                             ; 3                                     ;
; Total fan-out                               ; 33                                    ;
; Average fan-out                             ; 0.63                                  ;
+---------------------------------------------+---------------------------------------+


+-------------------------------------------------------------------------------------------------------------------------------------------------------------------------------------------------------------------------------------------------------------+
; Analysis & Synthesis Resource Utilization by Entity                                                                                                                                                                                                         ;
+----------------------------+---------------------+---------------------------+-------------+------------+--------------+---------+-----------+------+--------------+------------+----------------------------------------------+-------------+--------------+
; Compilation Hierarchy Node ; Combinational ALUTs ; Dedicated Logic Registers ; Memory Bits ; UFM Blocks ; DSP Elements ; DSP 9x9 ; DSP 18x18 ; Pins ; Virtual Pins ; ADC blocks ; Full Hierarchy Name                          ; Entity Name ; Library Name ;
+----------------------------+---------------------+---------------------------+-------------+------------+--------------+---------+-----------+------+--------------+------------+----------------------------------------------+-------------+--------------+
; |de10_lite                 ; 2 (0)               ; 0 (0)                     ; 0           ; 0          ; 0            ; 0       ; 0         ; 25   ; 0            ; 0          ; |de10_lite                                   ; de10_lite   ; work         ;
;    |d_latch:d_latch|       ; 2 (0)               ; 0 (0)                     ; 0           ; 0          ; 0            ; 0       ; 0         ; 0    ; 0            ; 0          ; |de10_lite|d_latch:d_latch                   ; d_latch     ; work         ;
;       |sr_latch:sr_latch|  ; 2 (2)               ; 0 (0)                     ; 0           ; 0          ; 0            ; 0       ; 0         ; 0    ; 0            ; 0          ; |de10_lite|d_latch:d_latch|sr_latch:sr_latch ; sr_latch    ; work         ;
+----------------------------+---------------------+---------------------------+-------------+------------+--------------+---------+-----------+------+--------------+------------+----------------------------------------------+-------------+--------------+
Note: For table entries with two numbers listed, the numbers in parentheses indicate the number of resources of the given type used by the specific entity alone. The numbers listed outside of parentheses indicate the total resources of the given type used by the specific entity and all of its sub-entities in the hierarchy.


+------------------------------------------------------------+
; Logic Cells Representing Combinational Loops               ;
+--------------------------------------------------------+---+
; Logic Cell Name                                        ;   ;
+--------------------------------------------------------+---+
; d_latch:d_latch|sr_latch:sr_latch|q~0                  ;   ;
; Number of logic cells representing combinational loops ; 1 ;
+--------------------------------------------------------+---+
Note: All cells listed above may not be present at the end of synthesis due to various synthesis optimizations.


+------------------------------------------------------+
; General Register Statistics                          ;
+----------------------------------------------+-------+
; Statistic                                    ; Value ;
+----------------------------------------------+-------+
; Total registers                              ; 0     ;
; Number of registers using Synchronous Clear  ; 0     ;
; Number of registers using Synchronous Load   ; 0     ;
; Number of registers using Asynchronous Clear ; 0     ;
; Number of registers using Asynchronous Load  ; 0     ;
; Number of registers using Clock Enable       ; 0     ;
; Number of registers using Preset             ; 0     ;
+----------------------------------------------+-------+


+-----------------------------------------------------+
; Post-Synthesis Netlist Statistics for Top Partition ;
+-----------------------+-----------------------------+
; Type                  ; Count                       ;
+-----------------------+-----------------------------+
; boundary_port         ; 25                          ;
; cycloneiii_lcell_comb ; 5                           ;
;     normal            ; 5                           ;
;         0 data inputs ; 1                           ;
;         1 data inputs ; 2                           ;
;         3 data inputs ; 2                           ;
;                       ;                             ;
; Max LUT depth         ; 2.00                        ;
; Average LUT depth     ; 1.50                        ;
+-----------------------+-----------------------------+


+-------------------------------+
; Elapsed Time Per Partition    ;
+----------------+--------------+
; Partition Name ; Elapsed Time ;
+----------------+--------------+
; Top            ; 00:00:00     ;
+----------------+--------------+


+-------------------------------+
; Analysis & Synthesis Messages ;
+-------------------------------+
Info: *******************************************************************
Info: Running Quartus Prime Analysis & Synthesis
    Info: Version 17.0.0 Build 595 04/25/2017 SJ Lite Edition
    Info: Processing started: Tue Feb 23 16:30:45 2021
Info: Command: quartus_map --read_settings_files=on --write_settings_files=off de10_lite -c de10_lite
Info (20030): Parallel compilation is enabled and will use 12 of the 12 processors detected
Info (12021): Found 1 design units, including 1 entities, in source file /01_d_latch_theory/sr_latch.v
    Info (12023): Found entity 1: sr_latch File: C:/01_d_latch_theory/sr_latch.v Line: 1
Info (12021): Found 1 design units, including 1 entities, in source file /01_d_latch_theory/d_latch.v
    Info (12023): Found entity 1: d_latch File: C:/01_d_latch_theory/d_latch.v Line: 2
Info (12021): Found 1 design units, including 1 entities, in source file /01_d_latch_theory/synthesis/de10_lite/de10_lite.v
    Info (12023): Found entity 1: de10_lite File: C:/01_d_latch_theory/synthesis/de10_lite/de10_lite.v Line: 1
Info (12127): Elaborating entity "de10_lite" for the top level hierarchy
Info (12128): Elaborating entity "d_latch" for hierarchy "d_latch:d_latch" File: C:/01_d_latch_theory/synthesis/de10_lite/de10_lite.v Line: 20
Info (12128): Elaborating entity "sr_latch" for hierarchy "d_latch:d_latch|sr_latch:sr_latch" File: C:/01_d_latch_theory/d_latch.v Line: 12
Warning (13024): Output pins are stuck at VCC or GND
    Warning (13410): Pin "LEDR[2]" is stuck at GND File: C:/01_d_latch_theory/synthesis/de10_lite/de10_lite.v Line: 10
    Warning (13410): Pin "LEDR[3]" is stuck at GND File: C:/01_d_latch_theory/synthesis/de10_lite/de10_lite.v Line: 10
    Warning (13410): Pin "LEDR[4]" is stuck at GND File: C:/01_d_latch_theory/synthesis/de10_lite/de10_lite.v Line: 10
    Warning (13410): Pin "LEDR[5]" is stuck at GND File: C:/01_d_latch_theory/synthesis/de10_lite/de10_lite.v Line: 10
    Warning (13410): Pin "LEDR[6]" is stuck at GND File: C:/01_d_latch_theory/synthesis/de10_lite/de10_lite.v Line: 10
    Warning (13410): Pin "LEDR[7]" is stuck at GND File: C:/01_d_latch_theory/synthesis/de10_lite/de10_lite.v Line: 10
    Warning (13410): Pin "LEDR[8]" is stuck at GND File: C:/01_d_latch_theory/synthesis/de10_lite/de10_lite.v Line: 10
    Warning (13410): Pin "LEDR[9]" is stuck at GND File: C:/01_d_latch_theory/synthesis/de10_lite/de10_lite.v Line: 10
Info (286030): Timing-Driven Synthesis is running
Info (16010): Generating hard_block partition "hard_block:auto_generated_inst"
    Info (16011): Adding 0 node(s), including 0 DDIO, 0 PLL, 0 transceiver and 0 LCELL
Warning (21074): Design contains 13 input pin(s) that do not drive logic
    Warning (15610): No output dependent on input pin "ADC_CLK_10" File: C:/01_d_latch_theory/synthesis/de10_lite/de10_lite.v Line: 3
    Warning (15610): No output dependent on input pin "MAX10_CLK1_50" File: C:/01_d_latch_theory/synthesis/de10_lite/de10_lite.v Line: 4
    Warning (15610): No output dependent on input pin "MAX10_CLK2_50" File: C:/01_d_latch_theory/synthesis/de10_lite/de10_lite.v Line: 5
    Warning (15610): No output dependent on input pin "SW[0]" File: C:/01_d_latch_theory/synthesis/de10_lite/de10_lite.v Line: 8
    Warning (15610): No output dependent on input pin "SW[1]" File: C:/01_d_latch_theory/synthesis/de10_lite/de10_lite.v Line: 8
    Warning (15610): No output dependent on input pin "SW[2]" File: C:/01_d_latch_theory/synthesis/de10_lite/de10_lite.v Line: 8
    Warning (15610): No output dependent on input pin "SW[3]" File: C:/01_d_latch_theory/synthesis/de10_lite/de10_lite.v Line: 8
    Warning (15610): No output dependent on input pin "SW[4]" File: C:/01_d_latch_theory/synthesis/de10_lite/de10_lite.v Line: 8
    Warning (15610): No output dependent on input pin "SW[5]" File: C:/01_d_latch_theory/synthesis/de10_lite/de10_lite.v Line: 8
    Warning (15610): No output dependent on input pin "SW[6]" File: C:/01_d_latch_theory/synthesis/de10_lite/de10_lite.v Line: 8
    Warning (15610): No output dependent on input pin "SW[7]" File: C:/01_d_latch_theory/synthesis/de10_lite/de10_lite.v Line: 8
    Warning (15610): No output dependent on input pin "SW[8]" File: C:/01_d_latch_theory/synthesis/de10_lite/de10_lite.v Line: 8
    Warning (15610): No output dependent on input pin "SW[9]" File: C:/01_d_latch_theory/synthesis/de10_lite/de10_lite.v Line: 8
Info (21057): Implemented 27 device resources after synthesis - the final resource count might be different
    Info (21058): Implemented 15 input pins
    Info (21059): Implemented 10 output pins
    Info (21061): Implemented 2 logic cells
Info: Quartus Prime Analysis & Synthesis was successful. 0 errors, 23 warnings
    Info: Peak virtual memory: 4772 megabytes
    Info: Processing ended: Tue Feb 23 16:30:52 2021
    Info: Elapsed time: 00:00:07
    Info: Total CPU time (on all processors): 00:00:13


